<?xml version="1.0" encoding="UTF-8"?>
<testsuite name="me.doyoung.testcontainerdb.PgTest" tests="2" skipped="0" failures="0" errors="0" timestamp="2022-08-21T16:00:28" hostname="mymac-dorie.local" time="0.412">
  <properties/>
  <testcase name="saveUser()" classname="me.doyoung.testcontainerdb.PgTest" time="0.276"/>
  <testcase name="findAll()" classname="me.doyoung.testcontainerdb.PgTest" time="0.135"/>
  <system-out><![CDATA[01:00:21.420 [Test worker] INFO  org.testcontainers.utility.ImageNameSubstitutor - Image name substitution will be performed by: DefaultImageNameSubstitutor (composite of 'ConfigurationFileImageNameSubstitutor' and 'PrefixingImageNameSubstitutor')
01:00:21.442 [Test worker] INFO  org.testcontainers.dockerclient.DockerClientProviderStrategy - Loaded org.testcontainers.dockerclient.UnixSocketClientProviderStrategy from ~/.testcontainers.properties, will try it first
01:00:21.778 [Test worker] INFO  org.testcontainers.dockerclient.DockerClientProviderStrategy - Found Docker environment with local Unix socket (unix:///var/run/docker.sock)
01:00:21.780 [Test worker] INFO  org.testcontainers.DockerClientFactory - Docker host IP address is localhost
01:00:21.810 [Test worker] INFO  org.testcontainers.DockerClientFactory - Connected to docker: 
  Server Version: 20.10.10
  API Version: 1.41
  Operating System: Docker Desktop
  Total Memory: 1985 MB
01:00:21.852 [Test worker] INFO  ]]>&#x1f433;<![CDATA[ [testcontainers/ryuk:0.3.3] - Creating container for image: testcontainers/ryuk:0.3.3
01:00:22.128 [Test worker] INFO  ]]>&#x1f433;<![CDATA[ [testcontainers/ryuk:0.3.3] - Container testcontainers/ryuk:0.3.3 is starting: f15cc0b778704d49c5baeae29928ad4377b476fcbcdc45eebec69f3d9246f933
01:00:22.575 [Test worker] INFO  ]]>&#x1f433;<![CDATA[ [testcontainers/ryuk:0.3.3] - Container testcontainers/ryuk:0.3.3 started in PT0.755623S
01:00:22.582 [Test worker] INFO  org.testcontainers.utility.RyukResourceReaper - Ryuk started - will monitor and terminate Testcontainers containers on JVM exit
01:00:22.582 [Test worker] INFO  org.testcontainers.DockerClientFactory - Checking the system...
01:00:22.583 [Test worker] INFO  org.testcontainers.DockerClientFactory - ✔︎ Docker server version should be at least 1.6.0
01:00:22.583 [Test worker] INFO  ]]>&#x1f433;<![CDATA[ [postgres:11.2] - Creating container for image: postgres:11.2
01:00:22.642 [Test worker] INFO  ]]>&#x1f433;<![CDATA[ [postgres:11.2] - Container postgres:11.2 is starting: 463e3003e2bdf613012701949a1d3815e9cf3e510a81d07fa62165c1df1feac2
01:00:24.824 [Test worker] INFO  ]]>&#x1f433;<![CDATA[ [postgres:11.2] - Container postgres:11.2 started in PT2.241198S
01:00:24.830 [Test worker] INFO  org.testcontainers.ext.ScriptUtils - Executing database script from init.sql
01:00:24.940 [Test worker] INFO  org.testcontainers.ext.ScriptUtils - Executed database script from init.sql in 109 ms.
01:00:25.005 [Test worker] INFO  org.springframework.test.context.support.AbstractContextLoader - Could not detect default resource locations for test class [me.doyoung.testcontainerdb.TCIntegrationTest]: no resource found for suffixes {-context.xml, Context.groovy}.
01:00:25.006 [Test worker] INFO  org.springframework.test.context.support.AnnotationConfigContextLoaderUtils - Could not detect default configuration classes for test class [me.doyoung.testcontainerdb.TCIntegrationTest]: TCIntegrationTest does not declare any static, non-private, non-final, nested classes annotated with @Configuration.
01:00:25.114 [Test worker] INFO  org.springframework.boot.test.context.SpringBootTestContextBootstrapper - Found @SpringBootConfiguration me.doyoung.testcontainerdb.TestContainerDbApplication for test class me.doyoung.testcontainerdb.PgTest
01:00:25.193 [Test worker] INFO  org.springframework.boot.test.context.SpringBootTestContextBootstrapper - Loaded default TestExecutionListener class names from location [META-INF/spring.factories]: [org.springframework.boot.test.autoconfigure.restdocs.RestDocsTestExecutionListener, org.springframework.boot.test.autoconfigure.web.client.MockRestServiceServerResetTestExecutionListener, org.springframework.boot.test.autoconfigure.web.servlet.MockMvcPrintOnlyOnFailureTestExecutionListener, org.springframework.boot.test.autoconfigure.web.servlet.WebDriverTestExecutionListener, org.springframework.boot.test.autoconfigure.webservices.client.MockWebServiceServerTestExecutionListener, org.springframework.boot.test.mock.mockito.MockitoTestExecutionListener, org.springframework.boot.test.mock.mockito.ResetMocksTestExecutionListener, org.springframework.test.context.web.ServletTestExecutionListener, org.springframework.test.context.support.DirtiesContextBeforeModesTestExecutionListener, org.springframework.test.context.event.ApplicationEventsTestExecutionListener, org.springframework.test.context.support.DependencyInjectionTestExecutionListener, org.springframework.test.context.support.DirtiesContextTestExecutionListener, org.springframework.test.context.transaction.TransactionalTestExecutionListener, org.springframework.test.context.jdbc.SqlScriptsTestExecutionListener, org.springframework.test.context.event.EventPublishingTestExecutionListener]
01:00:25.206 [Test worker] INFO  org.springframework.boot.test.context.SpringBootTestContextBootstrapper - Using TestExecutionListeners: [org.springframework.test.context.web.ServletTestExecutionListener@797c3c3b, org.springframework.test.context.support.DirtiesContextBeforeModesTestExecutionListener@4012d5bc, org.springframework.test.context.event.ApplicationEventsTestExecutionListener@4375b013, org.springframework.boot.test.mock.mockito.MockitoTestExecutionListener@1cf0cacc, org.springframework.boot.test.autoconfigure.SpringBootDependencyInjectionTestExecutionListener@4f5b08d, org.springframework.test.context.support.DirtiesContextTestExecutionListener@529c2a9a, org.springframework.test.context.transaction.TransactionalTestExecutionListener@3c87fdf2, org.springframework.test.context.jdbc.SqlScriptsTestExecutionListener@26bbe604, org.springframework.test.context.event.EventPublishingTestExecutionListener@fe34b86, org.springframework.boot.test.autoconfigure.restdocs.RestDocsTestExecutionListener@3c98781a, org.springframework.boot.test.autoconfigure.web.client.MockRestServiceServerResetTestExecutionListener@3f736a16, org.springframework.boot.test.autoconfigure.web.servlet.MockMvcPrintOnlyOnFailureTestExecutionListener@4601203a, org.springframework.boot.test.autoconfigure.web.servlet.WebDriverTestExecutionListener@53abfc07, org.springframework.boot.test.autoconfigure.webservices.client.MockWebServiceServerTestExecutionListener@2c8c16c0, org.springframework.boot.test.mock.mockito.ResetMocksTestExecutionListener@80bfa9d]

  .   ____          _            __ _ _
 /\\ / ___'_ __ _ _(_)_ __  __ _ \ \ \ \
( ( )\___ | '_ | '_| | '_ \/ _` | \ \ \ \
 \\/  ___)| |_)| | | | | || (_| |  ) ) ) )
  '  |____| .__|_| |_|_| |_\__, | / / / /
 =========|_|==============|___/=/_/_/_/
 :: Spring Boot ::                (v2.7.3)

01:00:25.531 [Test worker] INFO  me.doyoung.testcontainerdb.PgTest - Starting PgTest using Java 17.0.3 on mymac-dorie.local with PID 59723 (started by doyoung in /Users/doyoung/work-space/spring-test-playground/test-container-db)
01:00:25.531 [Test worker] INFO  me.doyoung.testcontainerdb.PgTest - The following 1 profile is active: "test"
01:00:25.544 [Test worker] WARN  org.springframework.boot.context.config.ConfigDataEnvironment - Property 'spring.profiles' imported from location 'class path resource [application-test.yml]' is invalid and should be replaced with 'spring.config.activate.on-profile' [origin: class path resource [application-test.yml] - 2:13]
01:00:26.052 [Test worker] INFO  org.springframework.data.repository.config.RepositoryConfigurationDelegate - Bootstrapping Spring Data JPA repositories in DEFAULT mode.
01:00:26.092 [Test worker] INFO  org.springframework.data.repository.config.RepositoryConfigurationDelegate - Finished Spring Data repository scanning in 33 ms. Found 1 JPA repository interfaces.
01:00:26.619 [Test worker] INFO  org.springframework.boot.web.embedded.tomcat.TomcatWebServer - Tomcat initialized with port(s): 0 (http)
01:00:26.628 [Test worker] INFO  org.apache.coyote.http11.Http11NioProtocol - Initializing ProtocolHandler ["http-nio-auto-1"]
01:00:26.628 [Test worker] INFO  org.apache.catalina.core.StandardService - Starting service [Tomcat]
01:00:26.629 [Test worker] INFO  org.apache.catalina.core.StandardEngine - Starting Servlet engine: [Apache Tomcat/9.0.65]
01:00:26.760 [Test worker] INFO  org.apache.catalina.core.ContainerBase.[Tomcat].[localhost].[/] - Initializing Spring embedded WebApplicationContext
01:00:26.760 [Test worker] INFO  org.springframework.boot.web.servlet.context.ServletWebServerApplicationContext - Root WebApplicationContext: initialization completed in 1214 ms
01:00:26.957 [Test worker] INFO  com.zaxxer.hikari.HikariDataSource - HikariPool-1 - Starting...
01:00:26.998 [Test worker] INFO  com.zaxxer.hikari.HikariDataSource - HikariPool-1 - Start completed.
01:00:27.056 [Test worker] INFO  org.hibernate.jpa.internal.util.LogHelper - HHH000204: Processing PersistenceUnitInfo [name: default]
01:00:27.101 [Test worker] INFO  org.hibernate.Version - HHH000412: Hibernate ORM core version 5.6.10.Final
01:00:27.255 [Test worker] INFO  org.hibernate.annotations.common.Version - HCANN000001: Hibernate Commons Annotations {5.1.2.Final}
01:00:27.365 [Test worker] INFO  org.hibernate.dialect.Dialect - HHH000400: Using dialect: org.hibernate.dialect.PostgreSQL10Dialect
01:00:27.764 [Test worker] INFO  org.hibernate.engine.transaction.jta.platform.internal.JtaPlatformInitiator - HHH000490: Using JtaPlatform implementation: [org.hibernate.engine.transaction.jta.platform.internal.NoJtaPlatform]
01:00:27.772 [Test worker] INFO  org.springframework.orm.jpa.LocalContainerEntityManagerFactoryBean - Initialized JPA EntityManagerFactory for persistence unit 'default'
01:00:28.047 [Test worker] WARN  org.springframework.boot.autoconfigure.orm.jpa.JpaBaseConfiguration$JpaWebConfiguration - spring.jpa.open-in-view is enabled by default. Therefore, database queries may be performed during view rendering. Explicitly configure spring.jpa.open-in-view to disable this warning
01:00:28.475 [Test worker] INFO  org.apache.coyote.http11.Http11NioProtocol - Starting ProtocolHandler ["http-nio-auto-1"]
01:00:28.486 [Test worker] INFO  org.springframework.boot.web.embedded.tomcat.TomcatWebServer - Tomcat started on port(s): 59853 (http) with context path ''
01:00:28.495 [Test worker] INFO  me.doyoung.testcontainerdb.PgTest - Started PgTest in 3.253 seconds (JVM running for 7.972)
01:00:28.524 [Test worker] INFO  org.springframework.test.context.transaction.TransactionContext - Began transaction (1) for test context [DefaultTestContext@6b61a4b0 testClass = PgTest, testInstance = me.doyoung.testcontainerdb.PgTest@7915111a, testMethod = saveUser@PgTest, testException = [null], mergedContextConfiguration = [WebMergedContextConfiguration@5c00de0d testClass = PgTest, locations = '{}', classes = '{class me.doyoung.testcontainerdb.TestContainerDbApplication}', contextInitializerClasses = '[class me.doyoung.testcontainerdb.TCIntegrationTest$TestEnvInitializer]', activeProfiles = '{test}', propertySourceLocations = '{}', propertySourceProperties = '{spring.profiles.active=test, org.springframework.boot.test.context.SpringBootTestContextBootstrapper=true, server.port=0}', contextCustomizers = set[org.springframework.boot.test.autoconfigure.actuate.metrics.MetricsExportContextCustomizerFactory$DisableMetricExportContextCustomizer@3e15bb06, org.springframework.boot.test.autoconfigure.properties.PropertyMappingContextCustomizer@227f4534, org.springframework.boot.test.autoconfigure.web.servlet.WebDriverContextCustomizerFactory$Customizer@29eda4f8, [ImportsContextCustomizer@6278371a key = [org.springframework.boot.test.autoconfigure.jdbc.TestDatabaseAutoConfiguration, org.springframework.boot.autoconfigure.jdbc.DataSourceAutoConfiguration]], org.springframework.boot.test.context.filter.ExcludeFilterContextCustomizer@39c385d6, org.springframework.boot.test.json.DuplicateJsonObjectContextCustomizerFactory$DuplicateJsonObjectContextCustomizer@3e7c4815, org.springframework.boot.test.mock.mockito.MockitoContextCustomizer@0, org.springframework.boot.test.web.client.TestRestTemplateContextCustomizer@61c42416, org.springframework.test.context.support.DynamicPropertiesContextCustomizer@4eba980c, org.springframework.boot.test.context.SpringBootTestArgs@1, org.springframework.boot.test.context.SpringBootTestWebEnvironment@2e55dd0c], resourceBasePath = 'src/main/webapp', contextLoader = 'org.springframework.boot.test.context.SpringBootContextLoader', parent = [null]], attributes = map['org.springframework.test.context.web.ServletTestExecutionListener.activateListener' -> false, 'org.springframework.test.context.event.ApplicationEventsTestExecutionListener.recordApplicationEvents' -> false]]; transaction manager [org.springframework.orm.jpa.JpaTransactionManager@3d3c14c3]; rollback [true]
01:00:28.709 [Test worker] DEBUG org.hibernate.SQL - insert into t_user (name) values (?)
01:00:28.713 [Test worker] TRACE org.hibernate.type.descriptor.sql.BasicBinder - binding parameter [1] as [VARCHAR] - [doyoung]
01:00:28.775 [Test worker] INFO  org.springframework.test.context.transaction.TransactionContext - Rolled back transaction for test: [DefaultTestContext@6b61a4b0 testClass = PgTest, testInstance = me.doyoung.testcontainerdb.PgTest@7915111a, testMethod = saveUser@PgTest, testException = [null], mergedContextConfiguration = [WebMergedContextConfiguration@5c00de0d testClass = PgTest, locations = '{}', classes = '{class me.doyoung.testcontainerdb.TestContainerDbApplication}', contextInitializerClasses = '[class me.doyoung.testcontainerdb.TCIntegrationTest$TestEnvInitializer]', activeProfiles = '{test}', propertySourceLocations = '{}', propertySourceProperties = '{spring.profiles.active=test, org.springframework.boot.test.context.SpringBootTestContextBootstrapper=true, server.port=0}', contextCustomizers = set[org.springframework.boot.test.autoconfigure.actuate.metrics.MetricsExportContextCustomizerFactory$DisableMetricExportContextCustomizer@3e15bb06, org.springframework.boot.test.autoconfigure.properties.PropertyMappingContextCustomizer@227f4534, org.springframework.boot.test.autoconfigure.web.servlet.WebDriverContextCustomizerFactory$Customizer@29eda4f8, [ImportsContextCustomizer@6278371a key = [org.springframework.boot.test.autoconfigure.jdbc.TestDatabaseAutoConfiguration, org.springframework.boot.autoconfigure.jdbc.DataSourceAutoConfiguration]], org.springframework.boot.test.context.filter.ExcludeFilterContextCustomizer@39c385d6, org.springframework.boot.test.json.DuplicateJsonObjectContextCustomizerFactory$DuplicateJsonObjectContextCustomizer@3e7c4815, org.springframework.boot.test.mock.mockito.MockitoContextCustomizer@0, org.springframework.boot.test.web.client.TestRestTemplateContextCustomizer@61c42416, org.springframework.test.context.support.DynamicPropertiesContextCustomizer@4eba980c, org.springframework.boot.test.context.SpringBootTestArgs@1, org.springframework.boot.test.context.SpringBootTestWebEnvironment@2e55dd0c], resourceBasePath = 'src/main/webapp', contextLoader = 'org.springframework.boot.test.context.SpringBootContextLoader', parent = [null]], attributes = map['org.springframework.test.context.web.ServletTestExecutionListener.activateListener' -> false, 'org.springframework.test.context.event.ApplicationEventsTestExecutionListener.recordApplicationEvents' -> false]]
01:00:28.782 [Test worker] INFO  org.springframework.test.context.transaction.TransactionContext - Began transaction (1) for test context [DefaultTestContext@6b61a4b0 testClass = PgTest, testInstance = me.doyoung.testcontainerdb.PgTest@68bef3df, testMethod = findAll@PgTest, testException = [null], mergedContextConfiguration = [WebMergedContextConfiguration@5c00de0d testClass = PgTest, locations = '{}', classes = '{class me.doyoung.testcontainerdb.TestContainerDbApplication}', contextInitializerClasses = '[class me.doyoung.testcontainerdb.TCIntegrationTest$TestEnvInitializer]', activeProfiles = '{test}', propertySourceLocations = '{}', propertySourceProperties = '{spring.profiles.active=test, org.springframework.boot.test.context.SpringBootTestContextBootstrapper=true, server.port=0}', contextCustomizers = set[org.springframework.boot.test.autoconfigure.actuate.metrics.MetricsExportContextCustomizerFactory$DisableMetricExportContextCustomizer@3e15bb06, org.springframework.boot.test.autoconfigure.properties.PropertyMappingContextCustomizer@227f4534, org.springframework.boot.test.autoconfigure.web.servlet.WebDriverContextCustomizerFactory$Customizer@29eda4f8, [ImportsContextCustomizer@6278371a key = [org.springframework.boot.test.autoconfigure.jdbc.TestDatabaseAutoConfiguration, org.springframework.boot.autoconfigure.jdbc.DataSourceAutoConfiguration]], org.springframework.boot.test.context.filter.ExcludeFilterContextCustomizer@39c385d6, org.springframework.boot.test.json.DuplicateJsonObjectContextCustomizerFactory$DuplicateJsonObjectContextCustomizer@3e7c4815, org.springframework.boot.test.mock.mockito.MockitoContextCustomizer@0, org.springframework.boot.test.web.client.TestRestTemplateContextCustomizer@61c42416, org.springframework.test.context.support.DynamicPropertiesContextCustomizer@4eba980c, org.springframework.boot.test.context.SpringBootTestArgs@1, org.springframework.boot.test.context.SpringBootTestWebEnvironment@2e55dd0c], resourceBasePath = 'src/main/webapp', contextLoader = 'org.springframework.boot.test.context.SpringBootContextLoader', parent = [null]], attributes = map['org.springframework.test.context.web.ServletTestExecutionListener.activateListener' -> false, 'org.springframework.test.context.event.ApplicationEventsTestExecutionListener.recordApplicationEvents' -> false]]; transaction manager [org.springframework.orm.jpa.JpaTransactionManager@3d3c14c3]; rollback [true]
01:00:28.784 [Test worker] DEBUG org.hibernate.SQL - insert into t_user (name) values (?)
01:00:28.784 [Test worker] TRACE org.hibernate.type.descriptor.sql.BasicBinder - binding parameter [1] as [VARCHAR] - [doyoung]
01:00:28.894 [Test worker] DEBUG org.hibernate.SQL - select user0_.id as id1_0_, user0_.name as name2_0_ from t_user user0_
01:00:28.898 [Test worker] TRACE org.hibernate.type.descriptor.sql.BasicExtractor - extracted value ([id1_0_] : [BIGINT]) - [2]
result = [User(Id=2, name=doyoung)]
01:00:28.915 [Test worker] INFO  org.springframework.test.context.transaction.TransactionContext - Rolled back transaction for test: [DefaultTestContext@6b61a4b0 testClass = PgTest, testInstance = me.doyoung.testcontainerdb.PgTest@68bef3df, testMethod = findAll@PgTest, testException = [null], mergedContextConfiguration = [WebMergedContextConfiguration@5c00de0d testClass = PgTest, locations = '{}', classes = '{class me.doyoung.testcontainerdb.TestContainerDbApplication}', contextInitializerClasses = '[class me.doyoung.testcontainerdb.TCIntegrationTest$TestEnvInitializer]', activeProfiles = '{test}', propertySourceLocations = '{}', propertySourceProperties = '{spring.profiles.active=test, org.springframework.boot.test.context.SpringBootTestContextBootstrapper=true, server.port=0}', contextCustomizers = set[org.springframework.boot.test.autoconfigure.actuate.metrics.MetricsExportContextCustomizerFactory$DisableMetricExportContextCustomizer@3e15bb06, org.springframework.boot.test.autoconfigure.properties.PropertyMappingContextCustomizer@227f4534, org.springframework.boot.test.autoconfigure.web.servlet.WebDriverContextCustomizerFactory$Customizer@29eda4f8, [ImportsContextCustomizer@6278371a key = [org.springframework.boot.test.autoconfigure.jdbc.TestDatabaseAutoConfiguration, org.springframework.boot.autoconfigure.jdbc.DataSourceAutoConfiguration]], org.springframework.boot.test.context.filter.ExcludeFilterContextCustomizer@39c385d6, org.springframework.boot.test.json.DuplicateJsonObjectContextCustomizerFactory$DuplicateJsonObjectContextCustomizer@3e7c4815, org.springframework.boot.test.mock.mockito.MockitoContextCustomizer@0, org.springframework.boot.test.web.client.TestRestTemplateContextCustomizer@61c42416, org.springframework.test.context.support.DynamicPropertiesContextCustomizer@4eba980c, org.springframework.boot.test.context.SpringBootTestArgs@1, org.springframework.boot.test.context.SpringBootTestWebEnvironment@2e55dd0c], resourceBasePath = 'src/main/webapp', contextLoader = 'org.springframework.boot.test.context.SpringBootContextLoader', parent = [null]], attributes = map['org.springframework.test.context.web.ServletTestExecutionListener.activateListener' -> false, 'org.springframework.test.context.event.ApplicationEventsTestExecutionListener.recordApplicationEvents' -> false]]
01:00:29.194 [Test worker] INFO  org.apache.coyote.http11.Http11NioProtocol - Pausing ProtocolHandler ["http-nio-auto-1"]
01:00:29.194 [Test worker] INFO  org.apache.catalina.core.StandardService - Stopping service [Tomcat]
01:00:29.197 [Test worker] INFO  org.apache.coyote.http11.Http11NioProtocol - Stopping ProtocolHandler ["http-nio-auto-1"]
01:00:29.201 [Test worker] INFO  org.apache.coyote.http11.Http11NioProtocol - Destroying ProtocolHandler ["http-nio-auto-1"]
01:00:29.202 [Test worker] INFO  org.springframework.orm.jpa.LocalContainerEntityManagerFactoryBean - Closing JPA EntityManagerFactory for persistence unit 'default'
01:00:29.204 [Test worker] INFO  com.zaxxer.hikari.HikariDataSource - HikariPool-1 - Shutdown initiated...
01:00:29.206 [Test worker] INFO  com.zaxxer.hikari.HikariDataSource - HikariPool-1 - Shutdown completed.
]]></system-out>
  <system-err><![CDATA[]]></system-err>
</testsuite>
